{"name": "Проверка увеличения числа на счетчике выполненных за сегодня заказов", "status": "broken", "statusDetails": {"message": "selenium.common.exceptions.TimeoutException: Message: \nStacktrace:\n\tGetHandleVerifier [0x00007FF611B5CF25+75717]\n\tGetHandleVerifier [0x00007FF611B5CF80+75808]\n\t(No symbol) [0x00007FF611928F9A]\n\t(No symbol) [0x00007FF61197F4C6]\n\t(No symbol) [0x00007FF61197F77C]\n\t(No symbol) [0x00007FF6119D2577]\n\t(No symbol) [0x00007FF6119A73BF]\n\t(No symbol) [0x00007FF6119CF39C]\n\t(No symbol) [0x00007FF6119A7153]\n\t(No symbol) [0x00007FF611970421]\n\t(No symbol) [0x00007FF6119711B3]\n\tGetHandleVerifier [0x00007FF611E5D6FD+3223453]\n\tGetHandleVerifier [0x00007FF611E57CA2+3200322]\n\tGetHandleVerifier [0x00007FF611E75AD3+3322739]\n\tGetHandleVerifier [0x00007FF611B769FA+180890]\n\tGetHandleVerifier [0x00007FF611B7E0FF+211359]\n\tGetHandleVerifier [0x00007FF611B65274+109332]\n\tGetHandleVerifier [0x00007FF611B65422+109762]\n\tGetHandleVerifier [0x00007FF611B4BA39+4825]\n\tBaseThreadInitThunk [0x00007FFE0595E8D7+23]\n\tRtlUserThreadStart [0x00007FFE078114FC+44]", "trace": "self = <test_order_feed_page.TestOrderFeedPage object at 0x000001F0324C7150>, driver = <selenium.webdriver.chrome.webdriver.WebDriver (session=\"3d84d87791fa912536fff645299e7cc8\")>, set_user_tokens = None\n\n    @allure.title('Проверка увеличения числа на счетчике выполненных за сегодня заказов')\n    def test_changes_counter_for_daily_quantity_of_orders_success(self, driver, set_user_tokens):\n        main_page = MainPage(driver)\n        order_feed_page = OrderFeedPage(driver)\n        main_page.click_button_order_feed_in_header()\n        orders_count_1 = order_feed_page.get_daily_quantity_of_orders()\n        main_page.click_constructor_header()\n        main_page.click_login_button()\n        main_page.drag_and_drop_ingredient_to_order()\n        main_page.click_submit_order_button()\n        main_page.click_close_confirmation_button()\n        main_page.click_button_order_feed_in_header()\n>       orders_count_2 = order_feed_page.get_daily_quantity_of_orders()\n\ntests\\test_order_feed_page.py:59: \n_ _ _ _ _ _ _ _ _ _ _ _ _ _ _ _ _ _ _ _ _ _ _ _ _ _ _ _ _ _ _ _ _ _ _ _ _ _ _ _ _ _ _ _ _ _ _ _ _ _ _ _ _ _ _ _ _ _ _ _ _ _ _ _ _ _ _ _ _ _ _ _ _ _ _ _ _ _ _ _ _ _ _ _ _ _ _ _ _ _ _ _ _ _ _ _ _ _ _ _ _ _ _ _ _ _ _ _ _ _ _ _ _ _\npage_objects\\order_feed_page.py:27: in get_daily_quantity_of_orders\n    self.find_element_with_wait(OrderFeedPageLocators.daily_quantity_of_orders)\npage_objects\\base_page.py:17: in find_element_with_wait\n    self.wait_visibility_of_element(locator)\npage_objects\\base_page.py:13: in wait_visibility_of_element\n    WebDriverWait(self.driver, 10).until(expected_conditions.visibility_of_element_located(locator))\n_ _ _ _ _ _ _ _ _ _ _ _ _ _ _ _ _ _ _ _ _ _ _ _ _ _ _ _ _ _ _ _ _ _ _ _ _ _ _ _ _ _ _ _ _ _ _ _ _ _ _ _ _ _ _ _ _ _ _ _ _ _ _ _ _ _ _ _ _ _ _ _ _ _ _ _ _ _ _ _ _ _ _ _ _ _ _ _ _ _ _ _ _ _ _ _ _ _ _ _ _ _ _ _ _ _ _ _ _ _ _ _ _ _\n\nself = <selenium.webdriver.support.wait.WebDriverWait (session=\"3d84d87791fa912536fff645299e7cc8\")>, method = <function visibility_of_element_located.<locals>._predicate at 0x000001F03260E660>, message = ''\n\n    def until(self, method: Callable[[D], Union[Literal[False], T]], message: str = \"\") -> T:\n        \"\"\"Wait until the method returns a value that is not False.\n    \n        Calls the method provided with the driver as an argument until the\n        return value does not evaluate to ``False``.\n    \n        Parameters:\n        ----------\n        method: callable(WebDriver)\n            - A callable object that takes a WebDriver instance as an argument.\n    \n        message: str\n            - Optional message for :exc:`TimeoutException`\n    \n        Return:\n        -------\n        object: T\n            - The result of the last call to `method`\n    \n        Raises:\n        -------\n        TimeoutException\n            - If 'method' does not return a truthy value within the WebDriverWait\n            object's timeout\n    \n        Example:\n        --------\n        >>> from selenium.webdriver.common.by import By\n        >>> from selenium.webdriver.support.ui import WebDriverWait\n        >>> from selenium.webdriver.support import expected_conditions as EC\n    \n        # Wait until an element is visible on the page\n        >>> wait = WebDriverWait(driver, 10)\n        >>> element = wait.until(EC.visibility_of_element_located((By.ID, \"exampleId\")))\n        >>> print(element.text)\n        \"\"\"\n        screen = None\n        stacktrace = None\n    \n        end_time = time.monotonic() + self._timeout\n        while True:\n            try:\n                value = method(self._driver)\n                if value:\n                    return value\n            except self._ignored_exceptions as exc:\n                screen = getattr(exc, \"screen\", None)\n                stacktrace = getattr(exc, \"stacktrace\", None)\n            if time.monotonic() > end_time:\n                break\n            time.sleep(self._poll)\n>       raise TimeoutException(message, screen, stacktrace)\nE       selenium.common.exceptions.TimeoutException: Message: \nE       Stacktrace:\nE       \tGetHandleVerifier [0x00007FF611B5CF25+75717]\nE       \tGetHandleVerifier [0x00007FF611B5CF80+75808]\nE       \t(No symbol) [0x00007FF611928F9A]\nE       \t(No symbol) [0x00007FF61197F4C6]\nE       \t(No symbol) [0x00007FF61197F77C]\nE       \t(No symbol) [0x00007FF6119D2577]\nE       \t(No symbol) [0x00007FF6119A73BF]\nE       \t(No symbol) [0x00007FF6119CF39C]\nE       \t(No symbol) [0x00007FF6119A7153]\nE       \t(No symbol) [0x00007FF611970421]\nE       \t(No symbol) [0x00007FF6119711B3]\nE       \tGetHandleVerifier [0x00007FF611E5D6FD+3223453]\nE       \tGetHandleVerifier [0x00007FF611E57CA2+3200322]\nE       \tGetHandleVerifier [0x00007FF611E75AD3+3322739]\nE       \tGetHandleVerifier [0x00007FF611B769FA+180890]\nE       \tGetHandleVerifier [0x00007FF611B7E0FF+211359]\nE       \tGetHandleVerifier [0x00007FF611B65274+109332]\nE       \tGetHandleVerifier [0x00007FF611B65422+109762]\nE       \tGetHandleVerifier [0x00007FF611B4BA39+4825]\nE       \tBaseThreadInitThunk [0x00007FFE0595E8D7+23]\nE       \tRtlUserThreadStart [0x00007FFE078114FC+44]\n\n..\\..\\..\\AppData\\Local\\Programs\\Python\\Python313\\Lib\\site-packages\\selenium\\webdriver\\support\\wait.py:146: TimeoutException"}, "steps": [{"name": "Кликнуть по кнопке \"Лента заказов\" в шапке сервиса", "status": "passed", "steps": [{"name": "Подождать прогрузки элемента", "status": "passed", "parameters": [{"name": "locator", "value": "('xpath', '//p[text()=\"Лента Заказов\"]/parent::a/parent::li')"}], "start": 1747174471046, "stop": 1747174471063}, {"name": "Кликнуть на элемент", "status": "passed", "steps": [{"name": "Проверить кликабельность элемента", "status": "passed", "parameters": [{"name": "locator", "value": "('xpath', '//p[text()=\"Лента Заказов\"]/parent::a/parent::li')"}], "start": 1747174471063, "stop": 1747174471081}], "parameters": [{"name": "locator", "value": "('xpath', '//p[text()=\"Лента Заказов\"]/parent::a/parent::li')"}], "start": 1747174471063, "stop": 1747174471378}], "start": 1747174471046, "stop": 1747174471378}, {"name": "Получить количество заказов, выполненных за сегодня", "status": "passed", "steps": [{"name": "Найти элемент на странице", "status": "passed", "steps": [{"name": "Подождать прогрузки элемента", "status": "passed", "parameters": [{"name": "locator", "value": "('xpath', '//p[text()=\"Выполнено за сегодня:\"]/following-sibling::p')"}], "start": 1747174471378, "stop": 1747174472427}], "parameters": [{"name": "locator", "value": "('xpath', '//p[text()=\"Выполнено за сегодня:\"]/following-sibling::p')"}], "start": 1747174471378, "stop": 1747174472432}, {"name": "Получить текст на элементе", "status": "passed", "steps": [{"name": "Подождать прогрузки элемента", "status": "passed", "parameters": [{"name": "locator", "value": "('xpath', '//p[text()=\"Выполнено за сегодня:\"]/following-sibling::p')"}], "start": 1747174472432, "stop": 1747174472441}], "parameters": [{"name": "locator", "value": "('xpath', '//p[text()=\"Выполнено за сегодня:\"]/following-sibling::p')"}], "start": 1747174472432, "stop": 1747174472453}], "start": 1747174471378, "stop": 1747174472453}, {"name": "Переход на страницу конструктора", "status": "passed", "steps": [{"name": "Подождать прогрузки элемента", "status": "passed", "parameters": [{"name": "locator", "value": "('xpath', '//p[text() = \"Конструктор\"]')"}], "start": 1747174472453, "stop": 1747174472463}, {"name": "Кликнуть на элемент", "status": "passed", "steps": [{"name": "Проверить кликабельность элемента", "status": "passed", "parameters": [{"name": "locator", "value": "('xpath', '//p[text() = \"Конструктор\"]')"}], "start": 1747174472463, "stop": 1747174472473}], "parameters": [{"name": "locator", "value": "('xpath', '//p[text() = \"Конструктор\"]')"}], "start": 1747174472463, "stop": 1747174472756}], "start": 1747174472453, "stop": 1747174472756}, {"name": "Кликнуть по кнопке \"Войти в аккаунт\" на главной", "status": "passed", "steps": [{"name": "Кликнуть на элемент", "status": "passed", "steps": [{"name": "Проверить кликабельность элемента", "status": "passed", "parameters": [{"name": "locator", "value": "('xpath', './/button[text() = \"Войти в аккаунт\"]')"}], "start": 1747174472756, "stop": 1747174472780}], "parameters": [{"name": "locator", "value": "('xpath', './/button[text() = \"Войти в аккаунт\"]')"}], "start": 1747174472756, "stop": 1747174473063}], "start": 1747174472756, "stop": 1747174473063}, {"name": "Добавить ингредиенты", "status": "passed", "steps": [{"name": "Найти элемент на странице", "status": "passed", "steps": [{"name": "Подождать прогрузки элемента", "status": "passed", "parameters": [{"name": "locator", "value": "('xpath', './/*[@alt=\"Флюоресцентная булка R2-D3\"]')"}], "start": 1747174473064, "stop": 1747174473586}], "parameters": [{"name": "locator", "value": "('xpath', './/*[@alt=\"Флюоресцентная булка R2-D3\"]')"}], "start": 1747174473064, "stop": 1747174473591}, {"name": "Найти элемент на странице", "status": "passed", "steps": [{"name": "Подождать прогрузки элемента", "status": "passed", "parameters": [{"name": "locator", "value": "('xpath', '//section[contains(@class, \"BurgerConstructor_basket\")]')"}], "start": 1747174473591, "stop": 1747174473604}], "parameters": [{"name": "locator", "value": "('xpath', '//section[contains(@class, \"BurgerConstructor_basket\")]')"}], "start": 1747174473591, "stop": 1747174473610}, {"name": "Перетащить элемент", "status": "passed", "parameters": [{"name": "source_element", "value": "<selenium.webdriver.remote.webelement.WebElement (session=\"3d84d87791fa912536fff645299e7cc8\", element=\"f.1A8BDD742E96FBA172103230E1F2365D.d.625CFFAB222A578FEB723FB2127430A0.e.113\")>"}, {"name": "target_element", "value": "<selenium.webdriver.remote.webelement.WebElement (session=\"3d84d87791fa912536fff645299e7cc8\", element=\"f.1A8BDD742E96FBA172103230E1F2365D.d.625CFFAB222A578FEB723FB2127430A0.e.118\")>"}], "start": 1747174473610, "stop": 1747174479169}], "start": 1747174473064, "stop": 1747174479169}, {"name": "Кликнуть на кнопку создания заказа", "status": "passed", "steps": [{"name": "Кликнуть на элемент", "status": "passed", "steps": [{"name": "Проверить кликабельность элемента", "status": "passed", "parameters": [{"name": "locator", "value": "('class name', 'button_button__33qZ0')"}], "start": 1747174479169, "stop": 1747174479188}], "parameters": [{"name": "locator", "value": "('class name', 'button_button__33qZ0')"}], "start": 1747174479169, "stop": 1747174479460}], "start": 1747174479169, "stop": 1747174479460}, {"name": "Кликнуть на кнопку закрытия окна о создании заказа", "status": "passed", "steps": [{"name": "Проверить кликабельность элемента", "status": "passed", "parameters": [{"name": "locator", "value": "('xpath', '//section[contains(@class, \"Modal_modal_opened\")]//button[contains(@class, \"close\")]')"}], "start": 1747174479460, "stop": 1747174480025}, {"name": "Кликнуть на элемент", "status": "passed", "steps": [{"name": "Проверить кликабельность элемента", "status": "passed", "parameters": [{"name": "locator", "value": "('xpath', '//section[contains(@class, \"Modal_modal_opened\")]//button[contains(@class, \"close\")]')"}], "start": 1747174480025, "stop": 1747174480042}], "parameters": [{"name": "locator", "value": "('xpath', '//section[contains(@class, \"Modal_modal_opened\")]//button[contains(@class, \"close\")]')"}], "start": 1747174480025, "stop": 1747174480319}], "start": 1747174479460, "stop": 1747174480319}, {"name": "Кликнуть по кнопке \"Лента заказов\" в шапке сервиса", "status": "passed", "steps": [{"name": "Подождать прогрузки элемента", "status": "passed", "parameters": [{"name": "locator", "value": "('xpath', '//p[text()=\"Лента Заказов\"]/parent::a/parent::li')"}], "start": 1747174480319, "stop": 1747174480331}, {"name": "Кликнуть на элемент", "status": "passed", "steps": [{"name": "Проверить кликабельность элемента", "status": "passed", "parameters": [{"name": "locator", "value": "('xpath', '//p[text()=\"Лента Заказов\"]/parent::a/parent::li')"}], "start": 1747174480331, "stop": 1747174480378}], "parameters": [{"name": "locator", "value": "('xpath', '//p[text()=\"Лента Заказов\"]/parent::a/parent::li')"}], "start": 1747174480331, "stop": 1747174480644}], "start": 1747174480319, "stop": 1747174480644}, {"name": "Получить количество заказов, выполненных за сегодня", "status": "broken", "statusDetails": {"message": "selenium.common.exceptions.TimeoutException: Message: \nStacktrace:\n\tGetHandleVerifier [0x00007FF611B5CF25+75717]\n\tGetHandleVerifier [0x00007FF611B5CF80+75808]\n\t(No symbol) [0x00007FF611928F9A]\n\t(No symbol) [0x00007FF61197F4C6]\n\t(No symbol) [0x00007FF61197F77C]\n\t(No symbol) [0x00007FF6119D2577]\n\t(No symbol) [0x00007FF6119A73BF]\n\t(No symbol) [0x00007FF6119CF39C]\n\t(No symbol) [0x00007FF6119A7153]\n\t(No symbol) [0x00007FF611970421]\n\t(No symbol) [0x00007FF6119711B3]\n\tGetHandleVerifier [0x00007FF611E5D6FD+3223453]\n\tGetHandleVerifier [0x00007FF611E57CA2+3200322]\n\tGetHandleVerifier [0x00007FF611E75AD3+3322739]\n\tGetHandleVerifier [0x00007FF611B769FA+180890]\n\tGetHandleVerifier [0x00007FF611B7E0FF+211359]\n\tGetHandleVerifier [0x00007FF611B65274+109332]\n\tGetHandleVerifier [0x00007FF611B65422+109762]\n\tGetHandleVerifier [0x00007FF611B4BA39+4825]\n\tBaseThreadInitThunk [0x00007FFE0595E8D7+23]\n\tRtlUserThreadStart [0x00007FFE078114FC+44]\n\n", "trace": "  File \"C:\\Users\\Asus\\AppData\\Local\\Programs\\Python\\Python313\\Lib\\site-packages\\allure_commons\\_allure.py\", line 192, in impl\n    return func(*a, **kw)\n  File \"C:\\Users\\Asus\\PycharmProjects\\Sprint\\Diplom_3\\page_objects\\order_feed_page.py\", line 27, in get_daily_quantity_of_orders\n    self.find_element_with_wait(OrderFeedPageLocators.daily_quantity_of_orders)\n    ~~~~~~~~~~~~~~~~~~~~~~~~~~~^^^^^^^^^^^^^^^^^^^^^^^^^^^^^^^^^^^^^^^^^^^^^^^^\n  File \"C:\\Users\\Asus\\AppData\\Local\\Programs\\Python\\Python313\\Lib\\site-packages\\allure_commons\\_allure.py\", line 192, in impl\n    return func(*a, **kw)\n  File \"C:\\Users\\Asus\\PycharmProjects\\Sprint\\Diplom_3\\page_objects\\base_page.py\", line 17, in find_element_with_wait\n    self.wait_visibility_of_element(locator)\n    ~~~~~~~~~~~~~~~~~~~~~~~~~~~~~~~^^^^^^^^^\n  File \"C:\\Users\\Asus\\AppData\\Local\\Programs\\Python\\Python313\\Lib\\site-packages\\allure_commons\\_allure.py\", line 192, in impl\n    return func(*a, **kw)\n  File \"C:\\Users\\Asus\\PycharmProjects\\Sprint\\Diplom_3\\page_objects\\base_page.py\", line 13, in wait_visibility_of_element\n    WebDriverWait(self.driver, 10).until(expected_conditions.visibility_of_element_located(locator))\n    ~~~~~~~~~~~~~~~~~~~~~~~~~~~~~~~~~~~~^^^^^^^^^^^^^^^^^^^^^^^^^^^^^^^^^^^^^^^^^^^^^^^^^^^^^^^^^^^^\n  File \"C:\\Users\\Asus\\AppData\\Local\\Programs\\Python\\Python313\\Lib\\site-packages\\selenium\\webdriver\\support\\wait.py\", line 146, in until\n    raise TimeoutException(message, screen, stacktrace)\n"}, "steps": [{"name": "Найти элемент на странице", "status": "broken", "statusDetails": {"message": "selenium.common.exceptions.TimeoutException: Message: \nStacktrace:\n\tGetHandleVerifier [0x00007FF611B5CF25+75717]\n\tGetHandleVerifier [0x00007FF611B5CF80+75808]\n\t(No symbol) [0x00007FF611928F9A]\n\t(No symbol) [0x00007FF61197F4C6]\n\t(No symbol) [0x00007FF61197F77C]\n\t(No symbol) [0x00007FF6119D2577]\n\t(No symbol) [0x00007FF6119A73BF]\n\t(No symbol) [0x00007FF6119CF39C]\n\t(No symbol) [0x00007FF6119A7153]\n\t(No symbol) [0x00007FF611970421]\n\t(No symbol) [0x00007FF6119711B3]\n\tGetHandleVerifier [0x00007FF611E5D6FD+3223453]\n\tGetHandleVerifier [0x00007FF611E57CA2+3200322]\n\tGetHandleVerifier [0x00007FF611E75AD3+3322739]\n\tGetHandleVerifier [0x00007FF611B769FA+180890]\n\tGetHandleVerifier [0x00007FF611B7E0FF+211359]\n\tGetHandleVerifier [0x00007FF611B65274+109332]\n\tGetHandleVerifier [0x00007FF611B65422+109762]\n\tGetHandleVerifier [0x00007FF611B4BA39+4825]\n\tBaseThreadInitThunk [0x00007FFE0595E8D7+23]\n\tRtlUserThreadStart [0x00007FFE078114FC+44]\n\n", "trace": "  File \"C:\\Users\\Asus\\AppData\\Local\\Programs\\Python\\Python313\\Lib\\site-packages\\allure_commons\\_allure.py\", line 192, in impl\n    return func(*a, **kw)\n  File \"C:\\Users\\Asus\\PycharmProjects\\Sprint\\Diplom_3\\page_objects\\base_page.py\", line 17, in find_element_with_wait\n    self.wait_visibility_of_element(locator)\n    ~~~~~~~~~~~~~~~~~~~~~~~~~~~~~~~^^^^^^^^^\n  File \"C:\\Users\\Asus\\AppData\\Local\\Programs\\Python\\Python313\\Lib\\site-packages\\allure_commons\\_allure.py\", line 192, in impl\n    return func(*a, **kw)\n  File \"C:\\Users\\Asus\\PycharmProjects\\Sprint\\Diplom_3\\page_objects\\base_page.py\", line 13, in wait_visibility_of_element\n    WebDriverWait(self.driver, 10).until(expected_conditions.visibility_of_element_located(locator))\n    ~~~~~~~~~~~~~~~~~~~~~~~~~~~~~~~~~~~~^^^^^^^^^^^^^^^^^^^^^^^^^^^^^^^^^^^^^^^^^^^^^^^^^^^^^^^^^^^^\n  File \"C:\\Users\\Asus\\AppData\\Local\\Programs\\Python\\Python313\\Lib\\site-packages\\selenium\\webdriver\\support\\wait.py\", line 146, in until\n    raise TimeoutException(message, screen, stacktrace)\n"}, "steps": [{"name": "Подождать прогрузки элемента", "status": "broken", "statusDetails": {"message": "selenium.common.exceptions.TimeoutException: Message: \nStacktrace:\n\tGetHandleVerifier [0x00007FF611B5CF25+75717]\n\tGetHandleVerifier [0x00007FF611B5CF80+75808]\n\t(No symbol) [0x00007FF611928F9A]\n\t(No symbol) [0x00007FF61197F4C6]\n\t(No symbol) [0x00007FF61197F77C]\n\t(No symbol) [0x00007FF6119D2577]\n\t(No symbol) [0x00007FF6119A73BF]\n\t(No symbol) [0x00007FF6119CF39C]\n\t(No symbol) [0x00007FF6119A7153]\n\t(No symbol) [0x00007FF611970421]\n\t(No symbol) [0x00007FF6119711B3]\n\tGetHandleVerifier [0x00007FF611E5D6FD+3223453]\n\tGetHandleVerifier [0x00007FF611E57CA2+3200322]\n\tGetHandleVerifier [0x00007FF611E75AD3+3322739]\n\tGetHandleVerifier [0x00007FF611B769FA+180890]\n\tGetHandleVerifier [0x00007FF611B7E0FF+211359]\n\tGetHandleVerifier [0x00007FF611B65274+109332]\n\tGetHandleVerifier [0x00007FF611B65422+109762]\n\tGetHandleVerifier [0x00007FF611B4BA39+4825]\n\tBaseThreadInitThunk [0x00007FFE0595E8D7+23]\n\tRtlUserThreadStart [0x00007FFE078114FC+44]\n\n", "trace": "  File \"C:\\Users\\Asus\\AppData\\Local\\Programs\\Python\\Python313\\Lib\\site-packages\\allure_commons\\_allure.py\", line 192, in impl\n    return func(*a, **kw)\n  File \"C:\\Users\\Asus\\PycharmProjects\\Sprint\\Diplom_3\\page_objects\\base_page.py\", line 13, in wait_visibility_of_element\n    WebDriverWait(self.driver, 10).until(expected_conditions.visibility_of_element_located(locator))\n    ~~~~~~~~~~~~~~~~~~~~~~~~~~~~~~~~~~~~^^^^^^^^^^^^^^^^^^^^^^^^^^^^^^^^^^^^^^^^^^^^^^^^^^^^^^^^^^^^\n  File \"C:\\Users\\Asus\\AppData\\Local\\Programs\\Python\\Python313\\Lib\\site-packages\\selenium\\webdriver\\support\\wait.py\", line 146, in until\n    raise TimeoutException(message, screen, stacktrace)\n"}, "parameters": [{"name": "locator", "value": "('xpath', '//p[text()=\"Выполнено за сегодня:\"]/following-sibling::p')"}], "start": 1747174480645, "stop": 1747174490978}], "parameters": [{"name": "locator", "value": "('xpath', '//p[text()=\"Выполнено за сегодня:\"]/following-sibling::p')"}], "start": 1747174480644, "stop": 1747174490979}], "start": 1747174480644, "stop": 1747174490980}], "parameters": [{"name": "driver", "value": "<function create_chrome_driver at 0x000001F031F0B880>"}], "start": 1747174471045, "stop": 1747174490983, "uuid": "dbaaebce-0668-4950-b991-8a08ee82aa9f", "historyId": "ef521910c98c397b9be83efca0e91c13", "testCaseId": "2eba02433d5e69b57898501291259ccd", "fullName": "tests.test_order_feed_page.TestOrderFeedPage#test_changes_counter_for_daily_quantity_of_orders_success", "labels": [{"name": "parentSuite", "value": "tests"}, {"name": "suite", "value": "test_order_feed_page"}, {"name": "subSuite", "value": "TestOrderFeedPage"}, {"name": "host", "value": "5NXCV09L137204"}, {"name": "thread", "value": "17088-MainThread"}, {"name": "framework", "value": "pytest"}, {"name": "language", "value": "cpython3"}, {"name": "package", "value": "tests.test_order_feed_page"}]}