{"name": "Проверка отображения пароля в поле ввода после клика на иконку с глазом", "status": "broken", "statusDetails": {"message": "selenium.common.exceptions.NoSuchElementException: Message: no such element: Unable to locate element: {\"method\":\"xpath\",\"selector\":\"//label[text()=\"Пароль\"]/parent::div[contains(@class, \"input_status_active\")]\"}\n  (Session info: chrome=136.0.7103.92); For documentation on this error, please visit: https://www.selenium.dev/documentation/webdriver/troubleshooting/errors#no-such-element-exception\nStacktrace:\n\tGetHandleVerifier [0x00007FF611B5CF25+75717]\n\tGetHandleVerifier [0x00007FF611B5CF80+75808]\n\t(No symbol) [0x00007FF611928F9A]\n\t(No symbol) [0x00007FF61197F4C6]\n\t(No symbol) [0x00007FF61197F77C]\n\t(No symbol) [0x00007FF6119D2577]\n\t(No symbol) [0x00007FF6119A73BF]\n\t(No symbol) [0x00007FF6119CF39C]\n\t(No symbol) [0x00007FF6119A7153]\n\t(No symbol) [0x00007FF611970421]\n\t(No symbol) [0x00007FF6119711B3]\n\tGetHandleVerifier [0x00007FF611E5D6FD+3223453]\n\tGetHandleVerifier [0x00007FF611E57CA2+3200322]\n\tGetHandleVerifier [0x00007FF611E75AD3+3322739]\n\tGetHandleVerifier [0x00007FF611B769FA+180890]\n\tGetHandleVerifier [0x00007FF611B7E0FF+211359]\n\tGetHandleVerifier [0x00007FF611B65274+109332]\n\tGetHandleVerifier [0x00007FF611B65422+109762]\n\tGetHandleVerifier [0x00007FF611B4BA39+4825]\n\tBaseThreadInitThunk [0x00007FFE0595E8D7+23]\n\tRtlUserThreadStart [0x00007FFE078114FC+44]", "trace": "self = <test_password_recovery.TestPasswordRecovery object at 0x000001F03252ACF0>, driver = <selenium.webdriver.chrome.webdriver.WebDriver (session=\"d841680419d20e56c24986b647497bb4\")>\n\n    @allure.title('Проверка отображения пароля в поле ввода после клика на иконку с глазом')\n    def test_click_on_eye_icon_makes_passwd_visible_success(self, driver):\n        main_page = MainPage(driver)\n        main_page.click_login_button()\n        recovery_page = PasswdRecoveryPage(driver)\n        recovery_page.going_recovery_page()\n        recovery_page.send_email()\n        recovery_page.click_recovery_button()\n        recovery_page.send_password()\n        recovery_page.сlick_on_the_icon_screen()\n>       assert recovery_page.check_displaying_password_value()\n\ntests\\test_password_recovery.py:36: \n_ _ _ _ _ _ _ _ _ _ _ _ _ _ _ _ _ _ _ _ _ _ _ _ _ _ _ _ _ _ _ _ _ _ _ _ _ _ _ _ _ _ _ _ _ _ _ _ _ _ _ _ _ _ _ _ _ _ _ _ _ _ _ _ _ _ _ _ _ _ _ _ _ _ _ _ _ _ _ _ _ _ _ _ _ _ _ _ _ _ _ _ _ _ _ _ _ _ _ _ _ _ _ _ _ _ _ _ _ _ _ _ _ _\npage_objects\\password_recovery_page.py:46: in check_displaying_password_value\n    return self.check_displaying_of_element(PasswordRecoveryLocators.value_password_is_visible)\npage_objects\\base_page.py:41: in check_displaying_of_element\n    return self.driver.find_element(*locator).is_displayed()\n..\\..\\..\\AppData\\Local\\Programs\\Python\\Python313\\Lib\\site-packages\\selenium\\webdriver\\remote\\webdriver.py:888: in find_element\n    return self.execute(Command.FIND_ELEMENT, {\"using\": by, \"value\": value})[\"value\"]\n..\\..\\..\\AppData\\Local\\Programs\\Python\\Python313\\Lib\\site-packages\\selenium\\webdriver\\remote\\webdriver.py:429: in execute\n    self.error_handler.check_response(response)\n_ _ _ _ _ _ _ _ _ _ _ _ _ _ _ _ _ _ _ _ _ _ _ _ _ _ _ _ _ _ _ _ _ _ _ _ _ _ _ _ _ _ _ _ _ _ _ _ _ _ _ _ _ _ _ _ _ _ _ _ _ _ _ _ _ _ _ _ _ _ _ _ _ _ _ _ _ _ _ _ _ _ _ _ _ _ _ _ _ _ _ _ _ _ _ _ _ _ _ _ _ _ _ _ _ _ _ _ _ _ _ _ _ _\n\nself = <selenium.webdriver.remote.errorhandler.ErrorHandler object at 0x000001F0325D7D70>\nresponse = {'status': 404, 'value': '{\"value\":{\"error\":\"no such element\",\"message\":\"no such element: Unable to locate element: {\\...11B4BA39+4825]\\\\n\\\\tBaseThreadInitThunk [0x00007FFE0595E8D7+23]\\\\n\\\\tRtlUserThreadStart [0x00007FFE078114FC+44]\\\\n\"}}'}\n\n    def check_response(self, response: Dict[str, Any]) -> None:\n        \"\"\"Checks that a JSON response from the WebDriver does not have an\n        error.\n    \n        :Args:\n         - response - The JSON response from the WebDriver server as a dictionary\n           object.\n    \n        :Raises: If the response contains an error message.\n        \"\"\"\n        status = response.get(\"status\", None)\n        if not status or status == ErrorCode.SUCCESS:\n            return\n        value = None\n        message = response.get(\"message\", \"\")\n        screen: str = response.get(\"screen\", \"\")\n        stacktrace = None\n        if isinstance(status, int):\n            value_json = response.get(\"value\", None)\n            if value_json and isinstance(value_json, str):\n                import json\n    \n                try:\n                    value = json.loads(value_json)\n                    if len(value) == 1:\n                        value = value[\"value\"]\n                    status = value.get(\"error\", None)\n                    if not status:\n                        status = value.get(\"status\", ErrorCode.UNKNOWN_ERROR)\n                        message = value.get(\"value\") or value.get(\"message\")\n                        if not isinstance(message, str):\n                            value = message\n                            message = message.get(\"message\")\n                    else:\n                        message = value.get(\"message\", None)\n                except ValueError:\n                    pass\n    \n        exception_class: Type[WebDriverException]\n        e = ErrorCode()\n        error_codes = [item for item in dir(e) if not item.startswith(\"__\")]\n        for error_code in error_codes:\n            error_info = getattr(ErrorCode, error_code)\n            if isinstance(error_info, list) and status in error_info:\n                exception_class = getattr(ExceptionMapping, error_code, WebDriverException)\n                break\n        else:\n            exception_class = WebDriverException\n    \n        if not value:\n            value = response[\"value\"]\n        if isinstance(value, str):\n            raise exception_class(value)\n        if message == \"\" and \"message\" in value:\n            message = value[\"message\"]\n    \n        screen = None  # type: ignore[assignment]\n        if \"screen\" in value:\n            screen = value[\"screen\"]\n    \n        stacktrace = None\n        st_value = value.get(\"stackTrace\") or value.get(\"stacktrace\")\n        if st_value:\n            if isinstance(st_value, str):\n                stacktrace = st_value.split(\"\\n\")\n            else:\n                stacktrace = []\n                try:\n                    for frame in st_value:\n                        line = frame.get(\"lineNumber\", \"\")\n                        file = frame.get(\"fileName\", \"<anonymous>\")\n                        if line:\n                            file = f\"{file}:{line}\"\n                        meth = frame.get(\"methodName\", \"<anonymous>\")\n                        if \"className\" in frame:\n                            meth = f\"{frame['className']}.{meth}\"\n                        msg = \"    at %s (%s)\"\n                        msg = msg % (meth, file)\n                        stacktrace.append(msg)\n                except TypeError:\n                    pass\n        if exception_class == UnexpectedAlertPresentException:\n            alert_text = None\n            if \"data\" in value:\n                alert_text = value[\"data\"].get(\"text\")\n            elif \"alert\" in value:\n                alert_text = value[\"alert\"].get(\"text\")\n            raise exception_class(message, screen, stacktrace, alert_text)  # type: ignore[call-arg]  # mypy is not smart enough here\n>       raise exception_class(message, screen, stacktrace)\nE       selenium.common.exceptions.NoSuchElementException: Message: no such element: Unable to locate element: {\"method\":\"xpath\",\"selector\":\"//label[text()=\"Пароль\"]/parent::div[contains(@class, \"input_status_active\")]\"}\nE         (Session info: chrome=136.0.7103.92); For documentation on this error, please visit: https://www.selenium.dev/documentation/webdriver/troubleshooting/errors#no-such-element-exception\nE       Stacktrace:\nE       \tGetHandleVerifier [0x00007FF611B5CF25+75717]\nE       \tGetHandleVerifier [0x00007FF611B5CF80+75808]\nE       \t(No symbol) [0x00007FF611928F9A]\nE       \t(No symbol) [0x00007FF61197F4C6]\nE       \t(No symbol) [0x00007FF61197F77C]\nE       \t(No symbol) [0x00007FF6119D2577]\nE       \t(No symbol) [0x00007FF6119A73BF]\nE       \t(No symbol) [0x00007FF6119CF39C]\nE       \t(No symbol) [0x00007FF6119A7153]\nE       \t(No symbol) [0x00007FF611970421]\nE       \t(No symbol) [0x00007FF6119711B3]\nE       \tGetHandleVerifier [0x00007FF611E5D6FD+3223453]\nE       \tGetHandleVerifier [0x00007FF611E57CA2+3200322]\nE       \tGetHandleVerifier [0x00007FF611E75AD3+3322739]\nE       \tGetHandleVerifier [0x00007FF611B769FA+180890]\nE       \tGetHandleVerifier [0x00007FF611B7E0FF+211359]\nE       \tGetHandleVerifier [0x00007FF611B65274+109332]\nE       \tGetHandleVerifier [0x00007FF611B65422+109762]\nE       \tGetHandleVerifier [0x00007FF611B4BA39+4825]\nE       \tBaseThreadInitThunk [0x00007FFE0595E8D7+23]\nE       \tRtlUserThreadStart [0x00007FFE078114FC+44]\n\n..\\..\\..\\AppData\\Local\\Programs\\Python\\Python313\\Lib\\site-packages\\selenium\\webdriver\\remote\\errorhandler.py:232: NoSuchElementException"}, "steps": [{"name": "Кликнуть по кнопке \"Войти в аккаунт\" на главной", "status": "passed", "steps": [{"name": "Кликнуть на элемент", "status": "passed", "steps": [{"name": "Проверить кликабельность элемента", "status": "passed", "parameters": [{"name": "locator", "value": "('xpath', './/button[text() = \"Войти в аккаунт\"]')"}], "start": 1747174587575, "stop": 1747174587597}], "parameters": [{"name": "locator", "value": "('xpath', './/button[text() = \"Войти в аккаунт\"]')"}], "start": 1747174587574, "stop": 1747174587888}], "start": 1747174587574, "stop": 1747174587888}, {"name": "Открыть страницу восстановления пароля", "status": "passed", "steps": [{"name": "Подождать прогрузки элемента", "status": "passed", "parameters": [{"name": "locator", "value": "('xpath', '//a[text() = \"Восстановить пароль\"]')"}], "start": 1747174587888, "stop": 1747174587901}, {"name": "Кликнуть на элемент", "status": "passed", "steps": [{"name": "Проверить кликабельность элемента", "status": "passed", "parameters": [{"name": "locator", "value": "('xpath', '//a[text() = \"Восстановить пароль\"]')"}], "start": 1747174587902, "stop": 1747174587915}], "parameters": [{"name": "locator", "value": "('xpath', '//a[text() = \"Восстановить пароль\"]')"}], "start": 1747174587901, "stop": 1747174588218}], "start": 1747174587888, "stop": 1747174588218}, {"name": "Ввести email", "status": "passed", "steps": [{"name": "Подождать прогрузки элемента", "status": "passed", "parameters": [{"name": "locator", "value": "('class name', 'input__textfield')"}], "start": 1747174588218, "stop": 1747174588231}, {"name": "Ввести значение в поле ввода", "status": "passed", "parameters": [{"name": "locator", "value": "('class name', 'input__textfield')"}, {"name": "keys", "value": "'mdawson@hotmail.com'"}], "start": 1747174588231, "stop": 1747174588306}], "start": 1747174588218, "stop": 1747174588306}, {"name": "Кликнуть на кнопку \"Восстановить\"", "status": "passed", "steps": [{"name": "Подождать прогрузки элемента", "status": "passed", "parameters": [{"name": "locator", "value": "('class name', 'button_button__33qZ0')"}], "start": 1747174588306, "stop": 1747174588317}, {"name": "Кликнуть на элемент", "status": "passed", "steps": [{"name": "Проверить кликабельность элемента", "status": "passed", "parameters": [{"name": "locator", "value": "('class name', 'button_button__33qZ0')"}], "start": 1747174588318, "stop": 1747174588330}], "parameters": [{"name": "locator", "value": "('class name', 'button_button__33qZ0')"}], "start": 1747174588318, "stop": 1747174588602}], "start": 1747174588306, "stop": 1747174588602}, {"name": "Ввести password", "status": "passed", "steps": [{"name": "Подождать прогрузки элемента", "status": "passed", "parameters": [{"name": "locator", "value": "('css selector', '.input_type_password .input__textfield')"}], "start": 1747174588602, "stop": 1747174589142}, {"name": "Ввести значение в поле ввода", "status": "passed", "parameters": [{"name": "locator", "value": "('css selector', '.input_type_password .input__textfield')"}, {"name": "keys", "value": "'e@6x)ZxpK*'"}], "start": 1747174589142, "stop": 1747174589221}], "start": 1747174588602, "stop": 1747174589221}, {"name": "Кликнуть на иконку глаза в поле ввода пароля", "status": "passed", "steps": [{"name": "Подождать прогрузки элемента", "status": "passed", "parameters": [{"name": "locator", "value": "('xpath', '//div[@class=\"input__icon input__icon-action\"]/*[local-name() = \"svg\"]')"}], "start": 1747174589221, "stop": 1747174589239}, {"name": "Кликнуть на элемент", "status": "passed", "steps": [{"name": "Проверить кликабельность элемента", "status": "passed", "parameters": [{"name": "locator", "value": "('xpath', '//div[@class=\"input__icon input__icon-action\"]/*[local-name() = \"svg\"]')"}], "start": 1747174589239, "stop": 1747174589257}], "parameters": [{"name": "locator", "value": "('xpath', '//div[@class=\"input__icon input__icon-action\"]/*[local-name() = \"svg\"]')"}], "start": 1747174589239, "stop": 1747174589529}], "start": 1747174589221, "stop": 1747174589529}, {"name": "Проверить, что значение поля password отображается", "status": "broken", "statusDetails": {"message": "selenium.common.exceptions.NoSuchElementException: Message: no such element: Unable to locate element: {\"method\":\"xpath\",\"selector\":\"//label[text()=\"Пароль\"]/parent::div[contains(@class, \"input_status_active\")]\"}\n  (Session info: chrome=136.0.7103.92); For documentation on this error, please visit: https://www.selenium.dev/documentation/webdriver/troubleshooting/errors#no-such-element-exception\nStacktrace:\n\tGetHandleVerifier [0x00007FF611B5CF25+75717]\n\tGetHandleVerifier [0x00007FF611B5CF80+75808]\n\t(No symbol) [0x00007FF611928F9A]\n\t(No symbol) [0x00007FF61197F4C6]\n\t(No symbol) [0x00007FF61197F77C]\n\t(No symbol) [0x00007FF6119D2577]\n\t(No symbol) [0x00007FF6119A73BF]\n\t(No symbol) [0x00007FF6119CF39C]\n\t(No symbol) [0x00007FF6119A7153]\n\t(No symbol) [0x00007FF611970421]\n\t(No symbol) [0x00007FF6119711B3]\n\tGetHandleVerifier [0x00007FF611E5D6FD+3223453]\n\tGetHandleVerifier [0x00007FF611E57CA2+3200322]\n\tGetHandleVerifier [0x00007FF611E75AD3+3322739]\n\tGetHandleVerifier [0x00007FF611B769FA+180890]\n\tGetHandleVerifier [0x00007FF611B7E0FF+211359]\n\tGetHandleVerifier [0x00007FF611B65274+109332]\n\tGetHandleVerifier [0x00007FF611B65422+109762]\n\tGetHandleVerifier [0x00007FF611B4BA39+4825]\n\tBaseThreadInitThunk [0x00007FFE0595E8D7+23]\n\tRtlUserThreadStart [0x00007FFE078114FC+44]\n\n", "trace": "  File \"C:\\Users\\Asus\\AppData\\Local\\Programs\\Python\\Python313\\Lib\\site-packages\\allure_commons\\_allure.py\", line 192, in impl\n    return func(*a, **kw)\n  File \"C:\\Users\\Asus\\PycharmProjects\\Sprint\\Diplom_3\\page_objects\\password_recovery_page.py\", line 46, in check_displaying_password_value\n    return self.check_displaying_of_element(PasswordRecoveryLocators.value_password_is_visible)\n           ~~~~~~~~~~~~~~~~~~~~~~~~~~~~~~~~^^^^^^^^^^^^^^^^^^^^^^^^^^^^^^^^^^^^^^^^^^^^^^^^^^^^\n  File \"C:\\Users\\Asus\\AppData\\Local\\Programs\\Python\\Python313\\Lib\\site-packages\\allure_commons\\_allure.py\", line 192, in impl\n    return func(*a, **kw)\n  File \"C:\\Users\\Asus\\PycharmProjects\\Sprint\\Diplom_3\\page_objects\\base_page.py\", line 41, in check_displaying_of_element\n    return self.driver.find_element(*locator).is_displayed()\n           ~~~~~~~~~~~~~~~~~~~~~~~~^^^^^^^^^^\n  File \"C:\\Users\\Asus\\AppData\\Local\\Programs\\Python\\Python313\\Lib\\site-packages\\selenium\\webdriver\\remote\\webdriver.py\", line 888, in find_element\n    return self.execute(Command.FIND_ELEMENT, {\"using\": by, \"value\": value})[\"value\"]\n           ~~~~~~~~~~~~^^^^^^^^^^^^^^^^^^^^^^^^^^^^^^^^^^^^^^^^^^^^^^^^^^^^^\n  File \"C:\\Users\\Asus\\AppData\\Local\\Programs\\Python\\Python313\\Lib\\site-packages\\selenium\\webdriver\\remote\\webdriver.py\", line 429, in execute\n    self.error_handler.check_response(response)\n    ~~~~~~~~~~~~~~~~~~~~~~~~~~~~~~~~~^^^^^^^^^^\n  File \"C:\\Users\\Asus\\AppData\\Local\\Programs\\Python\\Python313\\Lib\\site-packages\\selenium\\webdriver\\remote\\errorhandler.py\", line 232, in check_response\n    raise exception_class(message, screen, stacktrace)\n"}, "steps": [{"name": "Проверить отображение элемента", "status": "broken", "statusDetails": {"message": "selenium.common.exceptions.NoSuchElementException: Message: no such element: Unable to locate element: {\"method\":\"xpath\",\"selector\":\"//label[text()=\"Пароль\"]/parent::div[contains(@class, \"input_status_active\")]\"}\n  (Session info: chrome=136.0.7103.92); For documentation on this error, please visit: https://www.selenium.dev/documentation/webdriver/troubleshooting/errors#no-such-element-exception\nStacktrace:\n\tGetHandleVerifier [0x00007FF611B5CF25+75717]\n\tGetHandleVerifier [0x00007FF611B5CF80+75808]\n\t(No symbol) [0x00007FF611928F9A]\n\t(No symbol) [0x00007FF61197F4C6]\n\t(No symbol) [0x00007FF61197F77C]\n\t(No symbol) [0x00007FF6119D2577]\n\t(No symbol) [0x00007FF6119A73BF]\n\t(No symbol) [0x00007FF6119CF39C]\n\t(No symbol) [0x00007FF6119A7153]\n\t(No symbol) [0x00007FF611970421]\n\t(No symbol) [0x00007FF6119711B3]\n\tGetHandleVerifier [0x00007FF611E5D6FD+3223453]\n\tGetHandleVerifier [0x00007FF611E57CA2+3200322]\n\tGetHandleVerifier [0x00007FF611E75AD3+3322739]\n\tGetHandleVerifier [0x00007FF611B769FA+180890]\n\tGetHandleVerifier [0x00007FF611B7E0FF+211359]\n\tGetHandleVerifier [0x00007FF611B65274+109332]\n\tGetHandleVerifier [0x00007FF611B65422+109762]\n\tGetHandleVerifier [0x00007FF611B4BA39+4825]\n\tBaseThreadInitThunk [0x00007FFE0595E8D7+23]\n\tRtlUserThreadStart [0x00007FFE078114FC+44]\n\n", "trace": "  File \"C:\\Users\\Asus\\AppData\\Local\\Programs\\Python\\Python313\\Lib\\site-packages\\allure_commons\\_allure.py\", line 192, in impl\n    return func(*a, **kw)\n  File \"C:\\Users\\Asus\\PycharmProjects\\Sprint\\Diplom_3\\page_objects\\base_page.py\", line 41, in check_displaying_of_element\n    return self.driver.find_element(*locator).is_displayed()\n           ~~~~~~~~~~~~~~~~~~~~~~~~^^^^^^^^^^\n  File \"C:\\Users\\Asus\\AppData\\Local\\Programs\\Python\\Python313\\Lib\\site-packages\\selenium\\webdriver\\remote\\webdriver.py\", line 888, in find_element\n    return self.execute(Command.FIND_ELEMENT, {\"using\": by, \"value\": value})[\"value\"]\n           ~~~~~~~~~~~~^^^^^^^^^^^^^^^^^^^^^^^^^^^^^^^^^^^^^^^^^^^^^^^^^^^^^\n  File \"C:\\Users\\Asus\\AppData\\Local\\Programs\\Python\\Python313\\Lib\\site-packages\\selenium\\webdriver\\remote\\webdriver.py\", line 429, in execute\n    self.error_handler.check_response(response)\n    ~~~~~~~~~~~~~~~~~~~~~~~~~~~~~~~~~^^^^^^^^^^\n  File \"C:\\Users\\Asus\\AppData\\Local\\Programs\\Python\\Python313\\Lib\\site-packages\\selenium\\webdriver\\remote\\errorhandler.py\", line 232, in check_response\n    raise exception_class(message, screen, stacktrace)\n"}, "parameters": [{"name": "locator", "value": "('xpath', '//label[text()=\"Пароль\"]/parent::div[contains(@class, \"input_status_active\")]')"}], "start": 1747174589529, "stop": 1747174589541}], "start": 1747174589529, "stop": 1747174589543}], "parameters": [{"name": "driver", "value": "<function create_chrome_driver at 0x000001F031F0B880>"}], "start": 1747174587574, "stop": 1747174589544, "uuid": "ff048402-32ff-4a6d-a9c0-68b7abfbbe85", "historyId": "6dd005e5b58efb34682658ae93d55df7", "testCaseId": "c23c5004f2224d3a02052460a3fb2a35", "fullName": "tests.test_password_recovery.TestPasswordRecovery#test_click_on_eye_icon_makes_passwd_visible_success", "labels": [{"name": "parentSuite", "value": "tests"}, {"name": "suite", "value": "test_password_recovery"}, {"name": "subSuite", "value": "TestPasswordRecovery"}, {"name": "host", "value": "5NXCV09L137204"}, {"name": "thread", "value": "17088-MainThread"}, {"name": "framework", "value": "pytest"}, {"name": "language", "value": "cpython3"}, {"name": "package", "value": "tests.test_password_recovery"}]}