{"name": "Проверка увеличения числа на счетчике выполненных за все время заказов", "status": "broken", "statusDetails": {"message": "selenium.common.exceptions.TimeoutException: Message: \nStacktrace:\n\tGetHandleVerifier [0x00007FF611B5CF25+75717]\n\tGetHandleVerifier [0x00007FF611B5CF80+75808]\n\t(No symbol) [0x00007FF611928F9A]\n\t(No symbol) [0x00007FF61197F4C6]\n\t(No symbol) [0x00007FF61197F77C]\n\t(No symbol) [0x00007FF6119D2577]\n\t(No symbol) [0x00007FF6119A73BF]\n\t(No symbol) [0x00007FF6119CF39C]\n\t(No symbol) [0x00007FF6119A7153]\n\t(No symbol) [0x00007FF611970421]\n\t(No symbol) [0x00007FF6119711B3]\n\tGetHandleVerifier [0x00007FF611E5D6FD+3223453]\n\tGetHandleVerifier [0x00007FF611E57CA2+3200322]\n\tGetHandleVerifier [0x00007FF611E75AD3+3322739]\n\tGetHandleVerifier [0x00007FF611B769FA+180890]\n\tGetHandleVerifier [0x00007FF611B7E0FF+211359]\n\tGetHandleVerifier [0x00007FF611B65274+109332]\n\tGetHandleVerifier [0x00007FF611B65422+109762]\n\tGetHandleVerifier [0x00007FF611B4BA39+4825]\n\tBaseThreadInitThunk [0x00007FFE0595E8D7+23]\n\tRtlUserThreadStart [0x00007FFE078114FC+44]", "trace": "self = <test_order_feed_page.TestOrderFeedPage object at 0x000001F03252A9C0>, driver = <selenium.webdriver.chrome.webdriver.WebDriver (session=\"eed65c0254ecba04ab6f0f003279f8af\")>, set_user_tokens = None\n\n    @allure.title('Проверка увеличения числа на счетчике выполненных за все время заказов')\n    def test_changes_counter_for_quantity_of_all_orders_success(self, driver, set_user_tokens):\n        main_page = MainPage(driver)\n        order_feed_page = OrderFeedPage(driver)\n        main_page.click_button_order_feed_in_header()\n        orders_count_1 = order_feed_page.get_quantity_of_orders()\n        main_page.click_constructor_header()\n        main_page.click_login_button()\n        main_page.drag_and_drop_ingredient_to_order()\n        main_page.click_submit_order_button()\n        main_page.click_close_confirmation_button()\n        main_page.click_button_order_feed_in_header()\n>       orders_count_2 = order_feed_page.get_quantity_of_orders()\n\ntests\\test_order_feed_page.py:44: \n_ _ _ _ _ _ _ _ _ _ _ _ _ _ _ _ _ _ _ _ _ _ _ _ _ _ _ _ _ _ _ _ _ _ _ _ _ _ _ _ _ _ _ _ _ _ _ _ _ _ _ _ _ _ _ _ _ _ _ _ _ _ _ _ _ _ _ _ _ _ _ _ _ _ _ _ _ _ _ _ _ _ _ _ _ _ _ _ _ _ _ _ _ _ _ _ _ _ _ _ _ _ _ _ _ _ _ _ _ _ _ _ _ _\npage_objects\\order_feed_page.py:22: in get_quantity_of_orders\n    self.find_element_with_wait(OrderFeedPageLocators.quantity_of_orders)\npage_objects\\base_page.py:17: in find_element_with_wait\n    self.wait_visibility_of_element(locator)\npage_objects\\base_page.py:13: in wait_visibility_of_element\n    WebDriverWait(self.driver, 10).until(expected_conditions.visibility_of_element_located(locator))\n_ _ _ _ _ _ _ _ _ _ _ _ _ _ _ _ _ _ _ _ _ _ _ _ _ _ _ _ _ _ _ _ _ _ _ _ _ _ _ _ _ _ _ _ _ _ _ _ _ _ _ _ _ _ _ _ _ _ _ _ _ _ _ _ _ _ _ _ _ _ _ _ _ _ _ _ _ _ _ _ _ _ _ _ _ _ _ _ _ _ _ _ _ _ _ _ _ _ _ _ _ _ _ _ _ _ _ _ _ _ _ _ _ _\n\nself = <selenium.webdriver.support.wait.WebDriverWait (session=\"eed65c0254ecba04ab6f0f003279f8af\")>, method = <function visibility_of_element_located.<locals>._predicate at 0x000001F0329B1940>, message = ''\n\n    def until(self, method: Callable[[D], Union[Literal[False], T]], message: str = \"\") -> T:\n        \"\"\"Wait until the method returns a value that is not False.\n    \n        Calls the method provided with the driver as an argument until the\n        return value does not evaluate to ``False``.\n    \n        Parameters:\n        ----------\n        method: callable(WebDriver)\n            - A callable object that takes a WebDriver instance as an argument.\n    \n        message: str\n            - Optional message for :exc:`TimeoutException`\n    \n        Return:\n        -------\n        object: T\n            - The result of the last call to `method`\n    \n        Raises:\n        -------\n        TimeoutException\n            - If 'method' does not return a truthy value within the WebDriverWait\n            object's timeout\n    \n        Example:\n        --------\n        >>> from selenium.webdriver.common.by import By\n        >>> from selenium.webdriver.support.ui import WebDriverWait\n        >>> from selenium.webdriver.support import expected_conditions as EC\n    \n        # Wait until an element is visible on the page\n        >>> wait = WebDriverWait(driver, 10)\n        >>> element = wait.until(EC.visibility_of_element_located((By.ID, \"exampleId\")))\n        >>> print(element.text)\n        \"\"\"\n        screen = None\n        stacktrace = None\n    \n        end_time = time.monotonic() + self._timeout\n        while True:\n            try:\n                value = method(self._driver)\n                if value:\n                    return value\n            except self._ignored_exceptions as exc:\n                screen = getattr(exc, \"screen\", None)\n                stacktrace = getattr(exc, \"stacktrace\", None)\n            if time.monotonic() > end_time:\n                break\n            time.sleep(self._poll)\n>       raise TimeoutException(message, screen, stacktrace)\nE       selenium.common.exceptions.TimeoutException: Message: \nE       Stacktrace:\nE       \tGetHandleVerifier [0x00007FF611B5CF25+75717]\nE       \tGetHandleVerifier [0x00007FF611B5CF80+75808]\nE       \t(No symbol) [0x00007FF611928F9A]\nE       \t(No symbol) [0x00007FF61197F4C6]\nE       \t(No symbol) [0x00007FF61197F77C]\nE       \t(No symbol) [0x00007FF6119D2577]\nE       \t(No symbol) [0x00007FF6119A73BF]\nE       \t(No symbol) [0x00007FF6119CF39C]\nE       \t(No symbol) [0x00007FF6119A7153]\nE       \t(No symbol) [0x00007FF611970421]\nE       \t(No symbol) [0x00007FF6119711B3]\nE       \tGetHandleVerifier [0x00007FF611E5D6FD+3223453]\nE       \tGetHandleVerifier [0x00007FF611E57CA2+3200322]\nE       \tGetHandleVerifier [0x00007FF611E75AD3+3322739]\nE       \tGetHandleVerifier [0x00007FF611B769FA+180890]\nE       \tGetHandleVerifier [0x00007FF611B7E0FF+211359]\nE       \tGetHandleVerifier [0x00007FF611B65274+109332]\nE       \tGetHandleVerifier [0x00007FF611B65422+109762]\nE       \tGetHandleVerifier [0x00007FF611B4BA39+4825]\nE       \tBaseThreadInitThunk [0x00007FFE0595E8D7+23]\nE       \tRtlUserThreadStart [0x00007FFE078114FC+44]\n\n..\\..\\..\\AppData\\Local\\Programs\\Python\\Python313\\Lib\\site-packages\\selenium\\webdriver\\support\\wait.py:146: TimeoutException"}, "steps": [{"name": "Кликнуть по кнопке \"Лента заказов\" в шапке сервиса", "status": "passed", "steps": [{"name": "Подождать прогрузки элемента", "status": "passed", "parameters": [{"name": "locator", "value": "('xpath', '//p[text()=\"Лента Заказов\"]/parent::a/parent::li')"}], "start": 1747174398330, "stop": 1747174398348}, {"name": "Кликнуть на элемент", "status": "passed", "steps": [{"name": "Проверить кликабельность элемента", "status": "passed", "parameters": [{"name": "locator", "value": "('xpath', '//p[text()=\"Лента Заказов\"]/parent::a/parent::li')"}], "start": 1747174398348, "stop": 1747174398370}], "parameters": [{"name": "locator", "value": "('xpath', '//p[text()=\"Лента Заказов\"]/parent::a/parent::li')"}], "start": 1747174398348, "stop": 1747174398664}], "start": 1747174398330, "stop": 1747174398664}, {"name": "Получить количество заказов, выполненных за все время", "status": "passed", "steps": [{"name": "Найти элемент на странице", "status": "passed", "steps": [{"name": "Подождать прогрузки элемента", "status": "passed", "parameters": [{"name": "locator", "value": "('xpath', '//p[text()=\"Выполнено за все время:\"]/following-sibling::p')"}], "start": 1747174398664, "stop": 1747174399734}], "parameters": [{"name": "locator", "value": "('xpath', '//p[text()=\"Выполнено за все время:\"]/following-sibling::p')"}], "start": 1747174398664, "stop": 1747174399739}, {"name": "Получить текст на элементе", "status": "passed", "steps": [{"name": "Подождать прогрузки элемента", "status": "passed", "parameters": [{"name": "locator", "value": "('xpath', '//p[text()=\"Выполнено за все время:\"]/following-sibling::p')"}], "start": 1747174399739, "stop": 1747174399746}], "parameters": [{"name": "locator", "value": "('xpath', '//p[text()=\"Выполнено за все время:\"]/following-sibling::p')"}], "start": 1747174399739, "stop": 1747174399757}], "start": 1747174398664, "stop": 1747174399757}, {"name": "Переход на страницу конструктора", "status": "passed", "steps": [{"name": "Подождать прогрузки элемента", "status": "passed", "parameters": [{"name": "locator", "value": "('xpath', '//p[text() = \"Конструктор\"]')"}], "start": 1747174399758, "stop": 1747174399767}, {"name": "Кликнуть на элемент", "status": "passed", "steps": [{"name": "Проверить кликабельность элемента", "status": "passed", "parameters": [{"name": "locator", "value": "('xpath', '//p[text() = \"Конструктор\"]')"}], "start": 1747174399767, "stop": 1747174399778}], "parameters": [{"name": "locator", "value": "('xpath', '//p[text() = \"Конструктор\"]')"}], "start": 1747174399767, "stop": 1747174400062}], "start": 1747174399758, "stop": 1747174400062}, {"name": "Кликнуть по кнопке \"Войти в аккаунт\" на главной", "status": "passed", "steps": [{"name": "Кликнуть на элемент", "status": "passed", "steps": [{"name": "Проверить кликабельность элемента", "status": "passed", "parameters": [{"name": "locator", "value": "('xpath', './/button[text() = \"Войти в аккаунт\"]')"}], "start": 1747174400063, "stop": 1747174400100}], "parameters": [{"name": "locator", "value": "('xpath', './/button[text() = \"Войти в аккаунт\"]')"}], "start": 1747174400063, "stop": 1747174400390}], "start": 1747174400063, "stop": 1747174400390}, {"name": "Добавить ингредиенты", "status": "passed", "steps": [{"name": "Найти элемент на странице", "status": "passed", "steps": [{"name": "Подождать прогрузки элемента", "status": "passed", "parameters": [{"name": "locator", "value": "('xpath', './/*[@alt=\"Флюоресцентная булка R2-D3\"]')"}], "start": 1747174400391, "stop": 1747174400923}], "parameters": [{"name": "locator", "value": "('xpath', './/*[@alt=\"Флюоресцентная булка R2-D3\"]')"}], "start": 1747174400391, "stop": 1747174400928}, {"name": "Найти элемент на странице", "status": "passed", "steps": [{"name": "Подождать прогрузки элемента", "status": "passed", "parameters": [{"name": "locator", "value": "('xpath', '//section[contains(@class, \"BurgerConstructor_basket\")]')"}], "start": 1747174400928, "stop": 1747174400941}], "parameters": [{"name": "locator", "value": "('xpath', '//section[contains(@class, \"BurgerConstructor_basket\")]')"}], "start": 1747174400928, "stop": 1747174400944}, {"name": "Перетащить элемент", "status": "passed", "parameters": [{"name": "source_element", "value": "<selenium.webdriver.remote.webelement.WebElement (session=\"eed65c0254ecba04ab6f0f003279f8af\", element=\"f.161A2AB68B93C455954BC11435281802.d.C021F88DF16018F040F4F011CB8061AE.e.124\")>"}, {"name": "target_element", "value": "<selenium.webdriver.remote.webelement.WebElement (session=\"eed65c0254ecba04ab6f0f003279f8af\", element=\"f.161A2AB68B93C455954BC11435281802.d.C021F88DF16018F040F4F011CB8061AE.e.128\")>"}], "start": 1747174400945, "stop": 1747174406512}], "start": 1747174400391, "stop": 1747174406512}, {"name": "Кликнуть на кнопку создания заказа", "status": "passed", "steps": [{"name": "Кликнуть на элемент", "status": "passed", "steps": [{"name": "Проверить кликабельность элемента", "status": "passed", "parameters": [{"name": "locator", "value": "('class name', 'button_button__33qZ0')"}], "start": 1747174406513, "stop": 1747174406530}], "parameters": [{"name": "locator", "value": "('class name', 'button_button__33qZ0')"}], "start": 1747174406513, "stop": 1747174406795}], "start": 1747174406512, "stop": 1747174406795}, {"name": "Кликнуть на кнопку закрытия окна о создании заказа", "status": "passed", "steps": [{"name": "Проверить кликабельность элемента", "status": "passed", "parameters": [{"name": "locator", "value": "('xpath', '//section[contains(@class, \"Modal_modal_opened\")]//button[contains(@class, \"close\")]')"}], "start": 1747174406795, "stop": 1747174407333}, {"name": "Кликнуть на элемент", "status": "passed", "steps": [{"name": "Проверить кликабельность элемента", "status": "passed", "parameters": [{"name": "locator", "value": "('xpath', '//section[contains(@class, \"Modal_modal_opened\")]//button[contains(@class, \"close\")]')"}], "start": 1747174407333, "stop": 1747174407356}], "parameters": [{"name": "locator", "value": "('xpath', '//section[contains(@class, \"Modal_modal_opened\")]//button[contains(@class, \"close\")]')"}], "start": 1747174407333, "stop": 1747174407641}], "start": 1747174406795, "stop": 1747174407641}, {"name": "Кликнуть по кнопке \"Лента заказов\" в шапке сервиса", "status": "passed", "steps": [{"name": "Подождать прогрузки элемента", "status": "passed", "parameters": [{"name": "locator", "value": "('xpath', '//p[text()=\"Лента Заказов\"]/parent::a/parent::li')"}], "start": 1747174407641, "stop": 1747174407660}, {"name": "Кликнуть на элемент", "status": "passed", "steps": [{"name": "Проверить кликабельность элемента", "status": "passed", "parameters": [{"name": "locator", "value": "('xpath', '//p[text()=\"Лента Заказов\"]/parent::a/parent::li')"}], "start": 1747174407661, "stop": 1747174407679}], "parameters": [{"name": "locator", "value": "('xpath', '//p[text()=\"Лента Заказов\"]/parent::a/parent::li')"}], "start": 1747174407660, "stop": 1747174407952}], "start": 1747174407641, "stop": 1747174407952}, {"name": "Получить количество заказов, выполненных за все время", "status": "broken", "statusDetails": {"message": "selenium.common.exceptions.TimeoutException: Message: \nStacktrace:\n\tGetHandleVerifier [0x00007FF611B5CF25+75717]\n\tGetHandleVerifier [0x00007FF611B5CF80+75808]\n\t(No symbol) [0x00007FF611928F9A]\n\t(No symbol) [0x00007FF61197F4C6]\n\t(No symbol) [0x00007FF61197F77C]\n\t(No symbol) [0x00007FF6119D2577]\n\t(No symbol) [0x00007FF6119A73BF]\n\t(No symbol) [0x00007FF6119CF39C]\n\t(No symbol) [0x00007FF6119A7153]\n\t(No symbol) [0x00007FF611970421]\n\t(No symbol) [0x00007FF6119711B3]\n\tGetHandleVerifier [0x00007FF611E5D6FD+3223453]\n\tGetHandleVerifier [0x00007FF611E57CA2+3200322]\n\tGetHandleVerifier [0x00007FF611E75AD3+3322739]\n\tGetHandleVerifier [0x00007FF611B769FA+180890]\n\tGetHandleVerifier [0x00007FF611B7E0FF+211359]\n\tGetHandleVerifier [0x00007FF611B65274+109332]\n\tGetHandleVerifier [0x00007FF611B65422+109762]\n\tGetHandleVerifier [0x00007FF611B4BA39+4825]\n\tBaseThreadInitThunk [0x00007FFE0595E8D7+23]\n\tRtlUserThreadStart [0x00007FFE078114FC+44]\n\n", "trace": "  File \"C:\\Users\\Asus\\AppData\\Local\\Programs\\Python\\Python313\\Lib\\site-packages\\allure_commons\\_allure.py\", line 192, in impl\n    return func(*a, **kw)\n  File \"C:\\Users\\Asus\\PycharmProjects\\Sprint\\Diplom_3\\page_objects\\order_feed_page.py\", line 22, in get_quantity_of_orders\n    self.find_element_with_wait(OrderFeedPageLocators.quantity_of_orders)\n    ~~~~~~~~~~~~~~~~~~~~~~~~~~~^^^^^^^^^^^^^^^^^^^^^^^^^^^^^^^^^^^^^^^^^^\n  File \"C:\\Users\\Asus\\AppData\\Local\\Programs\\Python\\Python313\\Lib\\site-packages\\allure_commons\\_allure.py\", line 192, in impl\n    return func(*a, **kw)\n  File \"C:\\Users\\Asus\\PycharmProjects\\Sprint\\Diplom_3\\page_objects\\base_page.py\", line 17, in find_element_with_wait\n    self.wait_visibility_of_element(locator)\n    ~~~~~~~~~~~~~~~~~~~~~~~~~~~~~~~^^^^^^^^^\n  File \"C:\\Users\\Asus\\AppData\\Local\\Programs\\Python\\Python313\\Lib\\site-packages\\allure_commons\\_allure.py\", line 192, in impl\n    return func(*a, **kw)\n  File \"C:\\Users\\Asus\\PycharmProjects\\Sprint\\Diplom_3\\page_objects\\base_page.py\", line 13, in wait_visibility_of_element\n    WebDriverWait(self.driver, 10).until(expected_conditions.visibility_of_element_located(locator))\n    ~~~~~~~~~~~~~~~~~~~~~~~~~~~~~~~~~~~~^^^^^^^^^^^^^^^^^^^^^^^^^^^^^^^^^^^^^^^^^^^^^^^^^^^^^^^^^^^^\n  File \"C:\\Users\\Asus\\AppData\\Local\\Programs\\Python\\Python313\\Lib\\site-packages\\selenium\\webdriver\\support\\wait.py\", line 146, in until\n    raise TimeoutException(message, screen, stacktrace)\n"}, "steps": [{"name": "Найти элемент на странице", "status": "broken", "statusDetails": {"message": "selenium.common.exceptions.TimeoutException: Message: \nStacktrace:\n\tGetHandleVerifier [0x00007FF611B5CF25+75717]\n\tGetHandleVerifier [0x00007FF611B5CF80+75808]\n\t(No symbol) [0x00007FF611928F9A]\n\t(No symbol) [0x00007FF61197F4C6]\n\t(No symbol) [0x00007FF61197F77C]\n\t(No symbol) [0x00007FF6119D2577]\n\t(No symbol) [0x00007FF6119A73BF]\n\t(No symbol) [0x00007FF6119CF39C]\n\t(No symbol) [0x00007FF6119A7153]\n\t(No symbol) [0x00007FF611970421]\n\t(No symbol) [0x00007FF6119711B3]\n\tGetHandleVerifier [0x00007FF611E5D6FD+3223453]\n\tGetHandleVerifier [0x00007FF611E57CA2+3200322]\n\tGetHandleVerifier [0x00007FF611E75AD3+3322739]\n\tGetHandleVerifier [0x00007FF611B769FA+180890]\n\tGetHandleVerifier [0x00007FF611B7E0FF+211359]\n\tGetHandleVerifier [0x00007FF611B65274+109332]\n\tGetHandleVerifier [0x00007FF611B65422+109762]\n\tGetHandleVerifier [0x00007FF611B4BA39+4825]\n\tBaseThreadInitThunk [0x00007FFE0595E8D7+23]\n\tRtlUserThreadStart [0x00007FFE078114FC+44]\n\n", "trace": "  File \"C:\\Users\\Asus\\AppData\\Local\\Programs\\Python\\Python313\\Lib\\site-packages\\allure_commons\\_allure.py\", line 192, in impl\n    return func(*a, **kw)\n  File \"C:\\Users\\Asus\\PycharmProjects\\Sprint\\Diplom_3\\page_objects\\base_page.py\", line 17, in find_element_with_wait\n    self.wait_visibility_of_element(locator)\n    ~~~~~~~~~~~~~~~~~~~~~~~~~~~~~~~^^^^^^^^^\n  File \"C:\\Users\\Asus\\AppData\\Local\\Programs\\Python\\Python313\\Lib\\site-packages\\allure_commons\\_allure.py\", line 192, in impl\n    return func(*a, **kw)\n  File \"C:\\Users\\Asus\\PycharmProjects\\Sprint\\Diplom_3\\page_objects\\base_page.py\", line 13, in wait_visibility_of_element\n    WebDriverWait(self.driver, 10).until(expected_conditions.visibility_of_element_located(locator))\n    ~~~~~~~~~~~~~~~~~~~~~~~~~~~~~~~~~~~~^^^^^^^^^^^^^^^^^^^^^^^^^^^^^^^^^^^^^^^^^^^^^^^^^^^^^^^^^^^^\n  File \"C:\\Users\\Asus\\AppData\\Local\\Programs\\Python\\Python313\\Lib\\site-packages\\selenium\\webdriver\\support\\wait.py\", line 146, in until\n    raise TimeoutException(message, screen, stacktrace)\n"}, "steps": [{"name": "Подождать прогрузки элемента", "status": "broken", "statusDetails": {"message": "selenium.common.exceptions.TimeoutException: Message: \nStacktrace:\n\tGetHandleVerifier [0x00007FF611B5CF25+75717]\n\tGetHandleVerifier [0x00007FF611B5CF80+75808]\n\t(No symbol) [0x00007FF611928F9A]\n\t(No symbol) [0x00007FF61197F4C6]\n\t(No symbol) [0x00007FF61197F77C]\n\t(No symbol) [0x00007FF6119D2577]\n\t(No symbol) [0x00007FF6119A73BF]\n\t(No symbol) [0x00007FF6119CF39C]\n\t(No symbol) [0x00007FF6119A7153]\n\t(No symbol) [0x00007FF611970421]\n\t(No symbol) [0x00007FF6119711B3]\n\tGetHandleVerifier [0x00007FF611E5D6FD+3223453]\n\tGetHandleVerifier [0x00007FF611E57CA2+3200322]\n\tGetHandleVerifier [0x00007FF611E75AD3+3322739]\n\tGetHandleVerifier [0x00007FF611B769FA+180890]\n\tGetHandleVerifier [0x00007FF611B7E0FF+211359]\n\tGetHandleVerifier [0x00007FF611B65274+109332]\n\tGetHandleVerifier [0x00007FF611B65422+109762]\n\tGetHandleVerifier [0x00007FF611B4BA39+4825]\n\tBaseThreadInitThunk [0x00007FFE0595E8D7+23]\n\tRtlUserThreadStart [0x00007FFE078114FC+44]\n\n", "trace": "  File \"C:\\Users\\Asus\\AppData\\Local\\Programs\\Python\\Python313\\Lib\\site-packages\\allure_commons\\_allure.py\", line 192, in impl\n    return func(*a, **kw)\n  File \"C:\\Users\\Asus\\PycharmProjects\\Sprint\\Diplom_3\\page_objects\\base_page.py\", line 13, in wait_visibility_of_element\n    WebDriverWait(self.driver, 10).until(expected_conditions.visibility_of_element_located(locator))\n    ~~~~~~~~~~~~~~~~~~~~~~~~~~~~~~~~~~~~^^^^^^^^^^^^^^^^^^^^^^^^^^^^^^^^^^^^^^^^^^^^^^^^^^^^^^^^^^^^\n  File \"C:\\Users\\Asus\\AppData\\Local\\Programs\\Python\\Python313\\Lib\\site-packages\\selenium\\webdriver\\support\\wait.py\", line 146, in until\n    raise TimeoutException(message, screen, stacktrace)\n"}, "parameters": [{"name": "locator", "value": "('xpath', '//p[text()=\"Выполнено за все время:\"]/following-sibling::p')"}], "start": 1747174407952, "stop": 1747174418317}], "parameters": [{"name": "locator", "value": "('xpath', '//p[text()=\"Выполнено за все время:\"]/following-sibling::p')"}], "start": 1747174407952, "stop": 1747174418318}], "start": 1747174407952, "stop": 1747174418320}], "parameters": [{"name": "driver", "value": "<function create_chrome_driver at 0x000001F031F0B880>"}], "start": 1747174398330, "stop": 1747174418321, "uuid": "5c50af8d-fb59-4e43-9809-0383ac97a7e6", "historyId": "623243acf7f7df07228b73eb7b405742", "testCaseId": "7b9e22f22e8eba89aca8b10c7193d0b6", "fullName": "tests.test_order_feed_page.TestOrderFeedPage#test_changes_counter_for_quantity_of_all_orders_success", "labels": [{"name": "parentSuite", "value": "tests"}, {"name": "suite", "value": "test_order_feed_page"}, {"name": "subSuite", "value": "TestOrderFeedPage"}, {"name": "host", "value": "5NXCV09L137204"}, {"name": "thread", "value": "17088-MainThread"}, {"name": "framework", "value": "pytest"}, {"name": "language", "value": "cpython3"}, {"name": "package", "value": "tests.test_order_feed_page"}]}